<?xml version="1.0" encoding="UTF-8"?>
<testsuite xmlns:xsi="http://www.w3.org/2001/XMLSchema-instance" xsi:noNamespaceSchemaLocation="https://maven.apache.org/surefire/maven-surefire-plugin/xsd/surefire-test-report-3.0.xsd" version="3.0" name="com.smit.Backend.BackendApplicationTests" time="5.445" tests="1" errors="0" skipped="0" failures="0">
  <properties>
[...]
</properties>
  <testcase name="contextLoads" classname="com.smit.Backend.BackendApplicationTests" time="1.052">
    <system-out><![CDATA[16:13:06.732 [main] INFO org.springframework.test.context.support.AnnotationConfigContextLoaderUtils -- Could not detect default configuration classes for test class [com.smit.Backend.BackendApplicationTests]: BackendApplicationTests does not declare any static, non-private, non-final, nested classes annotated with @Configuration.
16:13:06.856 [main] INFO org.springframework.boot.test.context.SpringBootTestContextBootstrapper -- Found @SpringBootConfiguration com.smit.Backend.BackendApplication for test class com.smit.Backend.BackendApplicationTests
16:13:07.082 [main] INFO org.springframework.boot.devtools.restart.RestartApplicationListener -- Restart disabled due to context in which it is running

  .   ____          _            __ _ _
 /\\ / ___'_ __ _ _(_)_ __  __ _ \ \ \ \
( ( )\___ | '_ | '_| | '_ \/ _` | \ \ \ \
 \\/  ___)| |_)| | | | | || (_| |  ) ) ) )
  '  |____| .__|_| |_|_| |_\__, | / / / /
 =========|_|==============|___/=/_/_/_/
 :: Spring Boot ::                (v3.1.5)

2023-10-31T16:13:07.442+05:30  INFO 17396 --- [           main] c.smit.Backend.BackendApplicationTests   : Starting BackendApplicationTests using Java 20.0.1 with PID 17396 (started by DELL in G:\Uploadify\Backend)
2023-10-31T16:13:07.442+05:30  INFO 17396 --- [           main] c.smit.Backend.BackendApplicationTests   : No active profile set, falling back to 1 default profile: "default"
2023-10-31T16:13:08.355+05:30  INFO 17396 --- [           main] .s.d.r.c.RepositoryConfigurationDelegate : Bootstrapping Spring Data MongoDB repositories in DEFAULT mode.
2023-10-31T16:13:08.443+05:30  INFO 17396 --- [           main] .s.d.r.c.RepositoryConfigurationDelegate : Finished Spring Data repository scanning in 78 ms. Found 2 MongoDB repository interfaces.
2023-10-31T16:13:09.211+05:30  INFO 17396 --- [91d.mongodb.net] org.mongodb.driver.cluster               : Adding discovered server ac-eerbbr2-shard-00-01.ggpx91d.mongodb.net:27017 to client view of cluster
2023-10-31T16:13:09.224+05:30  INFO 17396 --- [           main] org.mongodb.driver.client                : MongoClient with metadata {"driver": {"name": "mongo-java-driver|sync|spring-boot", "version": "4.9.1"}, "os": {"type": "Windows", "name": "Windows 10", "architecture": "amd64", "version": "10.0"}, "platform": "Java/Oracle Corporation/20.0.1+9-29"} created with settings MongoClientSettings{readPreference=primary, writeConcern=WriteConcern{w=majority, wTimeout=null ms, journal=null}, retryWrites=true, retryReads=true, readConcern=ReadConcern{level=null}, credential=MongoCredential{mechanism=null, userName='smitbhoraniya11', source='admin', password=<hidden>, mechanismProperties=<hidden>}, streamFactoryFactory=null, commandListeners=[], codecRegistry=ProvidersCodecRegistry{codecProviders=[ValueCodecProvider{}, BsonValueCodecProvider{}, DBRefCodecProvider{}, DBObjectCodecProvider{}, DocumentCodecProvider{}, CollectionCodecProvider{}, IterableCodecProvider{}, MapCodecProvider{}, GeoJsonCodecProvider{}, GridFSFileCodecProvider{}, Jsr310CodecProvider{}, JsonObjectCodecProvider{}, BsonCodecProvider{}, EnumCodecProvider{}, com.mongodb.client.model.mql.ExpressionCodecProvider@4dac121d, com.mongodb.Jep395RecordCodecProvider@568750b7]}, loggerSettings=LoggerSettings{maxDocumentLength=1000}, clusterSettings={hosts=[127.0.0.1:27017], srvHost=cluster0.ggpx91d.mongodb.net, srvServiceName=mongodb, mode=MULTIPLE, requiredClusterType=REPLICA_SET, requiredReplicaSetName='atlas-o977zf-shard-0', serverSelector='null', clusterListeners='[]', serverSelectionTimeout='30000 ms', localThreshold='30000 ms'}, socketSettings=SocketSettings{connectTimeoutMS=10000, readTimeoutMS=0, receiveBufferSize=0, sendBufferSize=0}, heartbeatSocketSettings=SocketSettings{connectTimeoutMS=10000, readTimeoutMS=10000, receiveBufferSize=0, sendBufferSize=0}, connectionPoolSettings=ConnectionPoolSettings{maxSize=100, minSize=0, maxWaitTimeMS=120000, maxConnectionLifeTimeMS=0, maxConnectionIdleTimeMS=0, maintenanceInitialDelayMS=0, maintenanceFrequencyMS=60000, connectionPoolListeners=[], maxConnecting=2}, serverSettings=ServerSettings{heartbeatFrequencyMS=10000, minHeartbeatFrequencyMS=500, serverListeners='[]', serverMonitorListeners='[]'}, sslSettings=SslSettings{enabled=true, invalidHostNameAllowed=false, context=null}, applicationName='null', compressorList=[], uuidRepresentation=JAVA_LEGACY, serverApi=null, autoEncryptionSettings=null, contextProvider=null}
2023-10-31T16:13:09.254+05:30  INFO 17396 --- [91d.mongodb.net] org.mongodb.driver.cluster               : Adding discovered server ac-eerbbr2-shard-00-00.ggpx91d.mongodb.net:27017 to client view of cluster
2023-10-31T16:13:09.270+05:30  INFO 17396 --- [91d.mongodb.net] org.mongodb.driver.cluster               : Adding discovered server ac-eerbbr2-shard-00-02.ggpx91d.mongodb.net:27017 to client view of cluster
2023-10-31T16:13:09.876+05:30  INFO 17396 --- [ngodb.net:27017] org.mongodb.driver.cluster               : Monitor thread successfully connected to server with description ServerDescription{address=ac-eerbbr2-shard-00-01.ggpx91d.mongodb.net:27017, type=REPLICA_SET_SECONDARY, state=CONNECTED, ok=true, minWireVersion=0, maxWireVersion=17, maxDocumentSize=16777216, logicalSessionTimeoutMinutes=30, roundTripTimeNanos=372839100, setName='atlas-o977zf-shard-0', canonicalAddress=ac-eerbbr2-shard-00-01.ggpx91d.mongodb.net:27017, hosts=[ac-eerbbr2-shard-00-00.ggpx91d.mongodb.net:27017, ac-eerbbr2-shard-00-02.ggpx91d.mongodb.net:27017, ac-eerbbr2-shard-00-01.ggpx91d.mongodb.net:27017], passives=[], arbiters=[], primary='ac-eerbbr2-shard-00-02.ggpx91d.mongodb.net:27017', tagSet=TagSet{[Tag{name='nodeType', value='ELECTABLE'}, Tag{name='provider', value='AWS'}, Tag{name='region', value='AP_SOUTH_1'}, Tag{name='workloadType', value='OPERATIONAL'}]}, electionId=null, setVersion=6, topologyVersion=TopologyVersion{processId=653a8dde2feb4e666fcae7f2, counter=3}, lastWriteDate=Tue Oct 31 16:13:09 IST 2023, lastUpdateTimeNanos=238974371797900}
2023-10-31T16:13:09.876+05:30  INFO 17396 --- [ngodb.net:27017] org.mongodb.driver.cluster               : Monitor thread successfully connected to server with description ServerDescription{address=ac-eerbbr2-shard-00-00.ggpx91d.mongodb.net:27017, type=REPLICA_SET_SECONDARY, state=CONNECTED, ok=true, minWireVersion=0, maxWireVersion=17, maxDocumentSize=16777216, logicalSessionTimeoutMinutes=30, roundTripTimeNanos=372800600, setName='atlas-o977zf-shard-0', canonicalAddress=ac-eerbbr2-shard-00-00.ggpx91d.mongodb.net:27017, hosts=[ac-eerbbr2-shard-00-00.ggpx91d.mongodb.net:27017, ac-eerbbr2-shard-00-02.ggpx91d.mongodb.net:27017, ac-eerbbr2-shard-00-01.ggpx91d.mongodb.net:27017], passives=[], arbiters=[], primary='ac-eerbbr2-shard-00-02.ggpx91d.mongodb.net:27017', tagSet=TagSet{[Tag{name='nodeType', value='ELECTABLE'}, Tag{name='provider', value='AWS'}, Tag{name='region', value='AP_SOUTH_1'}, Tag{name='workloadType', value='OPERATIONAL'}]}, electionId=null, setVersion=6, topologyVersion=TopologyVersion{processId=653a8ba89fa4b90866dae1b8, counter=4}, lastWriteDate=Tue Oct 31 16:13:09 IST 2023, lastUpdateTimeNanos=238974371759800}
2023-10-31T16:13:09.876+05:30  INFO 17396 --- [ngodb.net:27017] org.mongodb.driver.cluster               : Monitor thread successfully connected to server with description ServerDescription{address=ac-eerbbr2-shard-00-02.ggpx91d.mongodb.net:27017, type=REPLICA_SET_PRIMARY, state=CONNECTED, ok=true, minWireVersion=0, maxWireVersion=17, maxDocumentSize=16777216, logicalSessionTimeoutMinutes=30, roundTripTimeNanos=372585200, setName='atlas-o977zf-shard-0', canonicalAddress=ac-eerbbr2-shard-00-02.ggpx91d.mongodb.net:27017, hosts=[ac-eerbbr2-shard-00-00.ggpx91d.mongodb.net:27017, ac-eerbbr2-shard-00-02.ggpx91d.mongodb.net:27017, ac-eerbbr2-shard-00-01.ggpx91d.mongodb.net:27017], passives=[], arbiters=[], primary='ac-eerbbr2-shard-00-02.ggpx91d.mongodb.net:27017', tagSet=TagSet{[Tag{name='nodeType', value='ELECTABLE'}, Tag{name='provider', value='AWS'}, Tag{name='region', value='AP_SOUTH_1'}, Tag{name='workloadType', value='OPERATIONAL'}]}, electionId=7fffffff0000000000000162, setVersion=6, topologyVersion=TopologyVersion{processId=653a8cb3c671e6bced5e6b5c, counter=6}, lastWriteDate=Tue Oct 31 16:13:09 IST 2023, lastUpdateTimeNanos=238974371547900}
2023-10-31T16:13:09.881+05:30  INFO 17396 --- [ngodb.net:27017] org.mongodb.driver.cluster               : Discovered replica set primary ac-eerbbr2-shard-00-02.ggpx91d.mongodb.net:27017 with max election id 7fffffff0000000000000162 and max set version 6
2023-10-31T16:13:09.991+05:30  WARN 17396 --- [           main] .s.s.UserDetailsServiceAutoConfiguration : 

Using generated security password: 050c3c96-b54a-4a75-baea-2a04d47aa934

This generated password is for development use only. Your security configuration must be updated before running your application in production.

2023-10-31T16:13:10.443+05:30  INFO 17396 --- [           main] o.s.s.web.DefaultSecurityFilterChain     : Will secure any request with [org.springframework.security.web.session.DisableEncodeUrlFilter@e01a26b, org.springframework.security.web.context.request.async.WebAsyncManagerIntegrationFilter@7604198a, org.springframework.security.web.context.SecurityContextHolderFilter@621f23ac, org.springframework.security.web.header.HeaderWriterFilter@ad3f70a, org.springframework.web.filter.CorsFilter@5cce40d7, org.springframework.security.web.csrf.CsrfFilter@2c7c0e36, org.springframework.security.web.authentication.logout.LogoutFilter@65600fb3, org.springframework.security.web.savedrequest.RequestCacheAwareFilter@51f68849, org.springframework.security.web.servletapi.SecurityContextHolderAwareRequestFilter@48f2054d, org.springframework.security.web.authentication.AnonymousAuthenticationFilter@314b7945, org.springframework.security.web.access.ExceptionTranslationFilter@1693ff90]
2023-10-31T16:13:10.829+05:30  INFO 17396 --- [           main] c.smit.Backend.BackendApplicationTests   : Started BackendApplicationTests in 3.759 seconds (process running for 5.195)
]]></system-out>
  </testcase>
</testsuite>